2025/11/21 13:21:12 RUN_ORCHESTRATOR_ON_STARTUP is disabled; skipping startup run
[GIN-debug] [WARNING] Running in "debug" mode. Switch to "release" mode in production.
 - using env:	export GIN_MODE=release
 - using code:	gin.SetMode(gin.ReleaseMode)

[GIN-debug] POST   /articles                 --> brainbot/api.handlePostArticle (2 handlers)
[GIN-debug] GET    /api/chroma/articles      --> brainbot/api.handleGetAllChromaArticles (2 handlers)
[GIN-debug] POST   /api/deduplication/check  --> brainbot/api.handleCheckDuplicate (2 handlers)
[GIN-debug] POST   /api/deduplication/add    --> brainbot/api.handleAddArticle (2 handlers)
[GIN-debug] POST   /api/deduplication/process --> brainbot/api.handleProcessArticle (2 handlers)
[GIN-debug] DELETE /api/deduplication/clear  --> brainbot/api.handleClearCache (2 handlers)
[GIN-debug] GET    /api/deduplication/count  --> brainbot/api.handleGetCount (2 handlers)
[GIN-debug] GET    /api/health               --> brainbot/api.handleHealth (2 handlers)
[GIN-debug] POST   /api/rss/refresh          --> brainbot/api.handleRSSRefresh (2 handlers)
2025/11/21 13:21:12 Starting API server on :8080
2025/11/21 13:21:16 Creating new collection: brainbot_articles
2025/11/21 13:21:16 Collection is already empty
2025/11/21 13:21:16 Chroma closed
2025/11/21 13:21:17 Using embeddings provider: embed-english-v3.0
2025/11/21 13:21:17 Using existing collection: brainbot_articles
2025/11/21 13:21:17 Added document with ID: ba11f88a2caf0fc6
2025/11/21 13:21:17 Added article ba11f88a2caf0fc6 to vector database
2025/11/21 13:21:17 Chroma closed
2025/11/21 13:21:17 Using embeddings provider: embed-english-v3.0
2025/11/21 13:21:17 Using existing collection: brainbot_articles
2025/11/21 13:21:18 Added document with ID: 92d1622f102d2a80
2025/11/21 13:21:18 Added article 92d1622f102d2a80 to vector database
2025/11/21 13:21:18 Chroma closed
2025/11/21 13:21:18 Using embeddings provider: embed-english-v3.0
2025/11/21 13:21:18 Using existing collection: brainbot_articles
2025/11/21 13:21:18 Added document with ID: af48c87407f8e961
2025/11/21 13:21:18 Added article af48c87407f8e961 to vector database
2025/11/21 13:21:18 Chroma closed
2025/11/21 13:21:18 Using embeddings provider: embed-english-v3.0
2025/11/21 13:21:18 Using existing collection: brainbot_articles
2025/11/21 13:21:19 Added document with ID: fc62ca33e5cf675d
2025/11/21 13:21:19 Added article fc62ca33e5cf675d to vector database
2025/11/21 13:21:19 Chroma closed
2025/11/21 13:21:19 Using embeddings provider: embed-english-v3.0
2025/11/21 13:21:19 Using existing collection: brainbot_articles
2025/11/21 13:21:20 Added document with ID: a2f93c2132249a74
2025/11/21 13:21:20 Added article a2f93c2132249a74 to vector database
2025/11/21 13:21:20 Chroma closed
2025/11/21 13:21:20 Using embeddings provider: embed-english-v3.0
2025/11/21 13:21:20 Using existing collection: brainbot_articles
2025/11/21 13:21:20 Added document with ID: 365f49f247a140eb
2025/11/21 13:21:20 Added article 365f49f247a140eb to vector database
2025/11/21 13:21:20 Chroma closed
2025/11/21 13:21:20 Using embeddings provider: embed-english-v3.0
2025/11/21 13:21:20 Using existing collection: brainbot_articles
2025/11/21 13:21:21 Added document with ID: f65708a6e03bd041
2025/11/21 13:21:21 Added article f65708a6e03bd041 to vector database
2025/11/21 13:21:21 Chroma closed
2025/11/21 13:21:21 Using embeddings provider: embed-english-v3.0
2025/11/21 13:21:21 Using existing collection: brainbot_articles
2025/11/21 13:21:21 Added document with ID: b72a124736e1e23f
2025/11/21 13:21:21 Added article b72a124736e1e23f to vector database
2025/11/21 13:21:21 Chroma closed
2025/11/21 13:21:21 Using embeddings provider: embed-english-v3.0
2025/11/21 13:21:22 Using existing collection: brainbot_articles
2025/11/21 13:21:22 Added document with ID: 7037c2dbdc17f680
2025/11/21 13:21:22 Added article 7037c2dbdc17f680 to vector database
2025/11/21 13:21:22 Chroma closed
2025/11/21 13:21:22 Using embeddings provider: embed-english-v3.0
2025/11/21 13:21:22 Using existing collection: brainbot_articles
2025/11/21 13:21:23 Added document with ID: 79f28ae8111767fc
2025/11/21 13:21:23 Added article 79f28ae8111767fc to vector database
2025/11/21 13:21:23 Chroma closed
2025/11/21 13:23:29 Creating new collection: brainbot_articles
2025/11/21 13:23:29 Collection is already empty
2025/11/21 13:23:29 Chroma closed
2025/11/21 13:23:30 Using embeddings provider: embed-english-v3.0
2025/11/21 13:23:30 Using existing collection: brainbot_articles
2025/11/21 13:23:31 Added document with ID: ba11f88a2caf0fc6
2025/11/21 13:23:31 Added article ba11f88a2caf0fc6 to vector database
2025/11/21 13:23:31 Chroma closed
2025/11/21 13:23:31 Using embeddings provider: embed-english-v3.0
2025/11/21 13:23:31 Using existing collection: brainbot_articles
2025/11/21 13:23:31 Added document with ID: 92d1622f102d2a80
2025/11/21 13:23:31 Added article 92d1622f102d2a80 to vector database
2025/11/21 13:23:31 Chroma closed
2025/11/21 13:23:31 Using embeddings provider: embed-english-v3.0
2025/11/21 13:23:31 Using existing collection: brainbot_articles
2025/11/21 13:23:32 Added document with ID: af48c87407f8e961
2025/11/21 13:23:32 Added article af48c87407f8e961 to vector database
2025/11/21 13:23:32 Chroma closed
2025/11/21 13:23:32 Using embeddings provider: embed-english-v3.0
2025/11/21 13:23:32 Using existing collection: brainbot_articles
2025/11/21 13:23:32 Added document with ID: fc62ca33e5cf675d
2025/11/21 13:23:32 Added article fc62ca33e5cf675d to vector database
2025/11/21 13:23:32 Chroma closed
2025/11/21 13:23:32 Using embeddings provider: embed-english-v3.0
2025/11/21 13:23:32 Using existing collection: brainbot_articles
2025/11/21 13:23:33 Added document with ID: a2f93c2132249a74
2025/11/21 13:23:33 Added article a2f93c2132249a74 to vector database
2025/11/21 13:23:33 Chroma closed
2025/11/21 13:23:33 Using embeddings provider: embed-english-v3.0
2025/11/21 13:23:33 Using existing collection: brainbot_articles
2025/11/21 13:23:34 Added document with ID: 365f49f247a140eb
2025/11/21 13:23:34 Added article 365f49f247a140eb to vector database
2025/11/21 13:23:34 Chroma closed
2025/11/21 13:23:34 Using embeddings provider: embed-english-v3.0
2025/11/21 13:23:34 Using existing collection: brainbot_articles
2025/11/21 13:23:34 Added document with ID: f65708a6e03bd041
2025/11/21 13:23:34 Added article f65708a6e03bd041 to vector database
2025/11/21 13:23:34 Chroma closed
2025/11/21 13:23:34 Using embeddings provider: embed-english-v3.0
2025/11/21 13:23:34 Using existing collection: brainbot_articles
2025/11/21 13:23:35 Added document with ID: b72a124736e1e23f
2025/11/21 13:23:35 Added article b72a124736e1e23f to vector database
2025/11/21 13:23:35 Chroma closed
2025/11/21 13:23:35 Using embeddings provider: embed-english-v3.0
2025/11/21 13:23:35 Using existing collection: brainbot_articles
2025/11/21 13:23:35 Added document with ID: 7037c2dbdc17f680
2025/11/21 13:23:35 Added article 7037c2dbdc17f680 to vector database
2025/11/21 13:23:35 Chroma closed
2025/11/21 13:23:35 Using embeddings provider: embed-english-v3.0
2025/11/21 13:23:36 Using existing collection: brainbot_articles
2025/11/21 13:23:36 Added document with ID: 79f28ae8111767fc
2025/11/21 13:23:36 Added article 79f28ae8111767fc to vector database
2025/11/21 13:23:36 Chroma closed
